<?xml version="1.0" encoding="UTF-8"?>
<!-- Generated by org.testng.reporters.JUnitXMLReporter -->
<testsuite hostname="LAPTOP-OTFJK5R0" ignored="2" name="Test" tests="3" failures="0" timestamp="29 Jul 2020 14:57:55 GMT" time="20.809" errors="0">
  <testcase name="forget" time="3.778" classname="TestCases.LoginTest"/>
  <testcase name="login" time="13.801" classname="TestCases.LoginTest"/>
  <testcase name="Logout" time="3.168" classname="TestCases.HomeTest"/>
  <testcase name="@AfterSuite close" time="0.0" classname="Driver.Launch_Browser">
    <ignored/>
  </testcase> <!-- @AfterSuite close -->
  <testcase name="@BeforeSuite Launch" time="0.0" classname="Driver.Launch_Browser">
    <ignored/>
  </testcase> <!-- @BeforeSuite Launch -->
</testsuite> <!-- Test -->
