<?xml version="1.0" encoding="UTF-8"?>
<!-- Generated by org.testng.reporters.JUnitXMLReporter -->
<testsuite hostname="LAPTOP-OTFJK5R0" ignored="2" name="Test" tests="3" failures="0" timestamp="11 Aug 2020 06:52:52 GMT" time="19.349" errors="0">
  <testcase name="forget" time="2.764" classname="TestCases.LoginTest"/>
  <testcase name="login" time="13.409" classname="TestCases.LoginTest"/>
  <testcase name="Logout" time="3.085" classname="TestCases.HomeTest"/>
  <testcase name="@AfterSuite close" time="0.0" classname="Driver.Launch_Browser">
    <ignored/>
  </testcase> <!-- @AfterSuite close -->
  <testcase name="@BeforeSuite Launch" time="0.0" classname="Driver.Launch_Browser">
    <ignored/>
  </testcase> <!-- @BeforeSuite Launch -->
</testsuite> <!-- Test -->
