<?xml version="1.0" encoding="UTF-8"?>
<testng-results skipped="0" failed="0" ignored="2" total="5" passed="3">
  <reporter-output>
  </reporter-output>
  <suite name="Suite" duration-ms="20809" started-at="2020-07-29T14:57:34Z" finished-at="2020-07-29T14:57:55Z">
    <groups>
    </groups>
    <test name="Test" duration-ms="20809" started-at="2020-07-29T14:57:34Z" finished-at="2020-07-29T14:57:55Z">
      <class name="TestCases.LoginTest">
        <test-method status="PASS" signature="Launch()[pri:0, instance:TestCases.LoginTest@25b485ba]" name="Launch" is-config="true" duration-ms="11383" started-at="2020-07-29T14:57:23Z" finished-at="2020-07-29T14:57:34Z">
          <reporter-output>
          </reporter-output>
        </test-method> <!-- Launch -->
        <test-method status="PASS" signature="forget()[pri:0, instance:TestCases.LoginTest@25b485ba]" name="forget" duration-ms="3778" started-at="2020-07-29T14:57:35Z" finished-at="2020-07-29T14:57:38Z">
          <reporter-output>
          </reporter-output>
        </test-method> <!-- forget -->
        <test-method status="PASS" signature="login()[pri:0, instance:TestCases.LoginTest@25b485ba]" name="login" duration-ms="13801" started-at="2020-07-29T14:57:38Z" finished-at="2020-07-29T14:57:52Z">
          <reporter-output>
          </reporter-output>
        </test-method> <!-- login -->
        <test-method status="PASS" signature="close()[pri:0, instance:TestCases.LoginTest@25b485ba]" name="close" is-config="true" duration-ms="234" started-at="2020-07-29T14:57:55Z" finished-at="2020-07-29T14:57:56Z">
          <reporter-output>
          </reporter-output>
        </test-method> <!-- close -->
      </class> <!-- TestCases.LoginTest -->
      <class name="TestCases.HomeTest">
        <test-method status="PASS" signature="Logout()[pri:0, instance:TestCases.HomeTest@2b546384]" name="Logout" duration-ms="3168" started-at="2020-07-29T14:57:52Z" finished-at="2020-07-29T14:57:55Z">
          <reporter-output>
          </reporter-output>
        </test-method> <!-- Logout -->
      </class> <!-- TestCases.HomeTest -->
    </test> <!-- Test -->
  </suite> <!-- Suite -->
</testng-results>
